This is pdfTeX, Version 3.1415926-1.40.10 (TeX Live 2009/Debian) (format=pdflatex 2013.4.8)  24 APR 2013 01:28
entering extended mode
 %&-line parsing enabled.
**report.tex
(./report.tex
LaTeX2e <2009/09/24>
Babel <v3.8l> and hyphenation patterns for english, usenglishmax, dumylang, noh
yphenation, farsi, arabic, croatian, bulgarian, ukrainian, russian, czech, slov
ak, danish, dutch, finnish, french, basque, ngerman, german, german-x-2009-06-1
9, ngerman-x-2009-06-19, ibycus, monogreek, greek, ancientgreek, hungarian, san
skrit, italian, latin, latvian, lithuanian, mongolian2a, mongolian, bokmal, nyn
orsk, romanian, irish, coptic, serbian, turkish, welsh, esperanto, uppersorbian
, estonian, indonesian, interlingua, icelandic, kurmanji, slovenian, polish, po
rtuguese, spanish, galician, catalan, swedish, ukenglish, pinyin, loaded.
(/usr/share/texmf-texlive/tex/latex/base/report.cls
Document Class: report 2007/10/19 v1.4h Standard LaTeX document class
(/usr/share/texmf-texlive/tex/latex/base/size10.clo
File: size10.clo 2007/10/19 v1.4h Standard LaTeX file (size option)
)
\c@part=\count79
\c@chapter=\count80
\c@section=\count81
\c@subsection=\count82
\c@subsubsection=\count83
\c@paragraph=\count84
\c@subparagraph=\count85
\c@figure=\count86
\c@table=\count87
\abovecaptionskip=\skip41
\belowcaptionskip=\skip42
\bibindent=\dimen102
)
(/usr/share/texmf-texlive/tex/latex/hyperref/hyperref.sty
Package: hyperref 2009/10/09 v6.79a Hypertext links for LaTeX

(/usr/share/texmf-texlive/tex/latex/graphics/keyval.sty
Package: keyval 1999/03/16 v1.13 key=value parser (DPC)
\KV@toks@=\toks14
)
(/usr/share/texmf-texlive/tex/generic/oberdiek/ifpdf.sty
Package: ifpdf 2009/04/10 v2.0 Provides the ifpdf switch (HO)
Package ifpdf Info: pdfTeX in pdf mode detected.
)
(/usr/share/texmf-texlive/tex/generic/oberdiek/ifvtex.sty
Package: ifvtex 2008/11/04 v1.4 Switches for detecting VTeX and its modes (HO)
Package ifvtex Info: VTeX not detected.
)
(/usr/share/texmf-texlive/tex/generic/ifxetex/ifxetex.sty
Package: ifxetex 2009/01/23 v0.5 Provides ifxetex conditional
)
(/usr/share/texmf-texlive/tex/latex/oberdiek/hycolor.sty
Package: hycolor 2009/10/02 v1.5 Code for color options of hyperref/bookmark (H
O)

(/usr/share/texmf-texlive/tex/latex/oberdiek/xcolor-patch.sty
Package: xcolor-patch 2009/10/02 xcolor patch
))
\@linkdim=\dimen103
\Hy@linkcounter=\count88
\Hy@pagecounter=\count89

(/usr/share/texmf-texlive/tex/latex/hyperref/pd1enc.def
File: pd1enc.def 2009/10/09 v6.79a Hyperref: PDFDocEncoding definition (HO)
)
(/usr/share/texmf-texlive/tex/generic/oberdiek/etexcmds.sty
Package: etexcmds 2007/12/12 v1.2 Prefix for e-TeX command names (HO)

(/usr/share/texmf-texlive/tex/generic/oberdiek/infwarerr.sty
Package: infwarerr 2007/09/09 v1.2 Providing info/warning/message (HO)
)
Package etexcmds Info: Could not find \expanded.
(etexcmds)             That can mean that you are not using pdfTeX 1.50 or
(etexcmds)             that some package has redefined \expanded.
(etexcmds)             In the latter case, load this package earlier.
)
(/usr/share/texmf-texlive/tex/latex/latexconfig/hyperref.cfg
File: hyperref.cfg 2002/06/06 v1.2 hyperref configuration of TeXLive
)
(/usr/share/texmf-texlive/tex/latex/oberdiek/kvoptions.sty
Package: kvoptions 2009/08/13 v3.4 Keyval support for LaTeX options (HO)

(/usr/share/texmf-texlive/tex/generic/oberdiek/kvsetkeys.sty
Package: kvsetkeys 2009/07/30 v1.5 Key value parser with default handler suppor
t (HO)
))
Package hyperref Info: Hyper figures OFF on input line 2975.
Package hyperref Info: Link nesting OFF on input line 2980.
Package hyperref Info: Hyper index ON on input line 2983.
Package hyperref Info: Plain pages OFF on input line 2990.
Package hyperref Info: Backreferencing OFF on input line 2995.

Implicit mode ON; LaTeX internals redefined
Package hyperref Info: Bookmarks ON on input line 3191.
(/usr/share/texmf-texlive/tex/latex/ltxmisc/url.sty
\Urlmuskip=\muskip10
Package: url 2006/04/12  ver 3.3  Verb mode for urls, etc.
)
LaTeX Info: Redefining \url on input line 3428.

(/usr/share/texmf-texlive/tex/generic/oberdiek/bitset.sty
Package: bitset 2007/09/28 v1.0 Data type bit set (HO)

(/usr/share/texmf-texlive/tex/generic/oberdiek/intcalc.sty
Package: intcalc 2007/09/27 v1.1 Expandable integer calculations (HO)
)
(/usr/share/texmf-texlive/tex/generic/oberdiek/bigintcalc.sty
Package: bigintcalc 2007/11/11 v1.1 Expandable big integer calculations (HO)

(/usr/share/texmf-texlive/tex/generic/oberdiek/pdftexcmds.sty
Package: pdftexcmds 2009/09/23 v0.6 LuaTeX support for pdfTeX utility functions
 (HO)

(/usr/share/texmf-texlive/tex/generic/oberdiek/ifluatex.sty
Package: ifluatex 2009/04/17 v1.2 Provides the ifluatex switch (HO)
Package ifluatex Info: LuaTeX not detected.
)
(/usr/share/texmf-texlive/tex/generic/oberdiek/ltxcmds.sty
Package: ltxcmds 2009/08/05 v1.0 Some LaTeX kernel commands for general use (HO
)
)
Package pdftexcmds Info: LuaTeX not detected.
Package pdftexcmds Info: \pdf@primitive is available.
Package pdftexcmds Info: \pdf@ifprimitive is available.
)))
\Fld@menulength=\count90
\Field@Width=\dimen104
\Fld@charsize=\dimen105
\Field@toks=\toks15
Package hyperref Info: Hyper figures OFF on input line 4377.
Package hyperref Info: Link nesting OFF on input line 4382.
Package hyperref Info: Hyper index ON on input line 4385.
Package hyperref Info: backreferencing OFF on input line 4392.
Package hyperref Info: Link coloring OFF on input line 4397.
Package hyperref Info: Link coloring with OCG OFF on input line 4402.
Package hyperref Info: PDF/A mode OFF on input line 4407.

(/usr/share/texmf-texlive/tex/generic/oberdiek/atbegshi.sty
Package: atbegshi 2008/07/31 v1.9 At begin shipout hook (HO)
)
\Hy@abspage=\count91
\c@Item=\count92
\c@Hfootnote=\count93
)
*hyperref using default driver hpdftex*
(/usr/share/texmf-texlive/tex/latex/hyperref/hpdftex.def
File: hpdftex.def 2009/10/09 v6.79a Hyperref driver for pdfTeX
\Fld@listcount=\count94
)
(/usr/share/texmf-texlive/tex/latex/graphics/graphicx.sty
Package: graphicx 1999/02/16 v1.0f Enhanced LaTeX Graphics (DPC,SPQR)

(/usr/share/texmf-texlive/tex/latex/graphics/graphics.sty
Package: graphics 2009/02/05 v1.0o Standard LaTeX Graphics (DPC,SPQR)

(/usr/share/texmf-texlive/tex/latex/graphics/trig.sty
Package: trig 1999/03/16 v1.09 sin cos tan (DPC)
)
(/etc/texmf/tex/latex/config/graphics.cfg
File: graphics.cfg 2009/08/28 v1.8 graphics configuration of TeX Live
)
Package graphics Info: Driver file: pdftex.def on input line 91.

(/usr/share/texmf-texlive/tex/latex/pdftex-def/pdftex.def
File: pdftex.def 2010/03/12 v0.04p Graphics/color for pdfTeX
\Gread@gobject=\count95
))
\Gin@req@height=\dimen106
\Gin@req@width=\dimen107
)
(/usr/share/texmf-texlive/tex/latex/pdfpages/pdfpages.sty
Package: pdfpages 2009/02/07 v0.4g Insert pages of external PDF documents (AM)

(/usr/share/texmf-texlive/tex/latex/base/ifthen.sty
Package: ifthen 2001/05/26 v1.1c Standard LaTeX ifthen package (DPC)
)
(/usr/share/texmf-texlive/tex/latex/tools/calc.sty
Package: calc 2007/08/22 v4.3 Infix arithmetic (KKT,FJ)
\calc@Acount=\count96
\calc@Bcount=\count97
\calc@Adimen=\dimen108
\calc@Bdimen=\dimen109
\calc@Askip=\skip43
\calc@Bskip=\skip44
LaTeX Info: Redefining \setlength on input line 76.
LaTeX Info: Redefining \addtolength on input line 77.
\calc@Ccount=\count98
\calc@Cskip=\skip45
)
(/usr/share/texmf-texlive/tex/latex/eso-pic/eso-pic.sty
Package: eso-pic 2006/07/14 v1.1d eso-pic (RN)

(/usr/share/texmf-texlive/tex/latex/ms/everyshi.sty
Package: everyshi 2001/05/15 v3.00 EveryShipout Package (MS)
))
(/usr/share/texmf-texlive/tex/latex/pdfpages/pppdftex.def
File: pppdftex.def 2009/02/07 v0.4g Pdfpages driver for pdfTeX (AM)
)
\AM@pagebox=\box26
\AM@toc@title=\toks16
\c@AM@survey=\count99
\AM@templatesizebox=\box27
)
(/usr/share/texmf-texlive/tex/latex/appendix/appendix.sty
Package: appendix 2009/09/02 v1.2b extra appendix facilities
\c@@pps=\count100
\c@@ppsavesec=\count101
\c@@ppsaveapp=\count102
)
(/usr/share/texmf-texlive/tex/latex/geometry/geometry.sty
Package: geometry 2008/12/21 v4.2 Page Geometry
\Gm@cnth=\count103
\Gm@cntv=\count104
\c@Gm@tempcnt=\count105
\Gm@bindingoffset=\dimen110
\Gm@wd@mp=\dimen111
\Gm@odd@mp=\dimen112
\Gm@even@mp=\dimen113
\Gm@dimlist=\toks17

(/usr/share/texmf-texlive/tex/xelatex/xetexconfig/geometry.cfg))
Package hyperref Info: Option `colorlinks' set `false' on input line 58.
 (./report.aux)
\openout1 = `report.aux'.

LaTeX Font Info:    Checking defaults for OML/cmm/m/it on input line 59.
LaTeX Font Info:    ... okay on input line 59.
LaTeX Font Info:    Checking defaults for T1/cmr/m/n on input line 59.
LaTeX Font Info:    ... okay on input line 59.
LaTeX Font Info:    Checking defaults for OT1/cmr/m/n on input line 59.
LaTeX Font Info:    ... okay on input line 59.
LaTeX Font Info:    Checking defaults for OMS/cmsy/m/n on input line 59.
LaTeX Font Info:    ... okay on input line 59.
LaTeX Font Info:    Checking defaults for OMX/cmex/m/n on input line 59.
LaTeX Font Info:    ... okay on input line 59.
LaTeX Font Info:    Checking defaults for U/cmr/m/n on input line 59.
LaTeX Font Info:    ... okay on input line 59.
LaTeX Font Info:    Checking defaults for PD1/pdf/m/n on input line 59.
LaTeX Font Info:    ... okay on input line 59.
Package hyperref Info: Link coloring OFF on input line 59.
(/usr/share/texmf-texlive/tex/latex/hyperref/nameref.sty
Package: nameref 2007/05/29 v2.31 Cross-referencing by name of section

(/usr/share/texmf-texlive/tex/latex/oberdiek/refcount.sty
Package: refcount 2008/08/11 v3.1 Data extraction from references (HO)
)
\c@section@level=\count106
)
LaTeX Info: Redefining \ref on input line 59.
LaTeX Info: Redefining \pageref on input line 59.
 (./report.out)
(./report.out)
\@outlinefile=\write3
\openout3 = `report.out'.

\AtBeginShipoutBox=\box28
 (/usr/share/texmf-texlive/tex/context/base/supp-pdf.mkii
[Loading MPS to PDF converter (version 2006.09.02).]
\scratchcounter=\count107
\scratchdimen=\dimen114
\scratchbox=\box29
\nofMPsegments=\count108
\nofMParguments=\count109
\everyMPshowfont=\toks18
\MPscratchCnt=\count110
\MPscratchDim=\dimen115
\MPnumerator=\count111
\everyMPtoPDFconversion=\toks19
) ABD: EveryShipout initializing macros
(/usr/share/texmf-texlive/tex/latex/graphics/color.sty
Package: color 2005/11/14 v1.0j Standard LaTeX Color (DPC)

(/etc/texmf/tex/latex/config/color.cfg
File: color.cfg 2007/01/18 v1.5 color configuration of teTeX/TeXLive
)
Package color Info: Driver file: pdftex.def on input line 130.
)
*geometry auto-detecting driver*
*geometry detected driver: pdftex*
-------------------- Geometry parameters
paper: class default
landscape: --
twocolumn: --
twoside: --
asymmetric: --
h-parts: 86.72377pt, 440.84746pt, 86.72377pt
v-parts: 86.72377pt, 621.52245pt, 86.72377pt
hmarginratio: --
vmarginratio: --
lines: --
heightrounded: --
bindingoffset: 0.0pt
truedimen: --
includehead: --
includefoot: --
includemp: --
driver: pdftex
-------------------- Page layout dimensions and switches
\paperwidth  614.295pt
\paperheight 794.96999pt
\textwidth  440.84746pt
\textheight 621.52245pt
\oddsidemargin  14.45378pt
\evensidemargin 14.45378pt
\topmargin  -22.54622pt
\headheight 12.0pt
\headsep    25.0pt
\footskip   30.0pt
\marginparwidth 65.0pt
\marginparsep   11.0pt
\columnsep  10.0pt
\skip\footins  9.0pt plus 4.0pt minus 2.0pt
\hoffset 0.0pt
\voffset 0.0pt
\mag 1000

(1in=72.27pt, 1cm=28.45pt)
-----------------------
LaTeX Font Info:    External font `cmex10' loaded for size
(Font)              <7> on input line 77.
LaTeX Font Info:    External font `cmex10' loaded for size
(Font)              <5> on input line 77.
<./nitc-logo.png, id=83, 680.5425pt x 808.01875pt>
File: ./nitc-logo.png Graphic file (type png)
 <use ./nitc-logo.png>
[1

{/var/lib/texmf/fonts/map/pdftex/updmap/pdftex.map} <./nitc-logo.png (PNG copy)
>]
Underfull \hbox (badness 10000) in paragraph at lines 163--164

 []

pdfTeX warning (ext4): destination with the same identifier (name{page.1}) has 
been already used, duplicate ignored
<to be read again> 
                   \relax 
l.194 \begin{abstract}
                       [1]pdfTeX warning (ext4): destination with the same iden
tifier (name{page.1}) has been already used, duplicate ignored
<to be read again> 
                   \relax 
l.197 \end{abstract}
                     [1] (./report.toc)
\tf@toc=\write4
\openout4 = `report.toc'.

 [1

]
Chapter 1.

Underfull \hbox (badness 10000) in paragraph at lines 212--213

 []


Underfull \hbox (badness 10000) in paragraph at lines 215--216

 []


Underfull \hbox (badness 10000) in paragraph at lines 217--218

 []


Underfull \hbox (badness 10000) in paragraph at lines 219--220

 []

pdfTeX warning (ext4): destination with the same identifier (name{page.1}) has 
been already used, duplicate ignored
<to be read again> 
                   \relax 
l.220 
       [1

] [2]
Chapter 2.
<components.png, id=152, 597.73312pt x 590.95781pt>
File: components.png Graphic file (type png)
 <use components.png>
Underfull \hbox (badness 10000) in paragraph at lines 238--239

 []

[3

 <./components.png>]
Underfull \hbox (badness 10000) in paragraph at lines 245--246

 []


Underfull \hbox (badness 10000) in paragraph at lines 247--248

 []


Underfull \hbox (badness 10000) in paragraph at lines 249--250

 []


Underfull \hbox (badness 10000) in paragraph at lines 251--252

 []


Underfull \hbox (badness 10000) in paragraph at lines 253--254

 []

[4] <memdiskstructure.png, id=167, 915.42pt x 771.88374pt>
File: memdiskstructure.png Graphic file (type png)

<use memdiskstructure.png>
Underfull \hbox (badness 10000) in paragraph at lines 268--269

 []


Underfull \hbox (badness 10000) in paragraph at lines 270--271

 []

<xosstructure.png, id=169, 357.335pt x 463.7325pt>
File: xosstructure.png Graphic file (type png)
 <use xosstructure.png>
Underfull \hbox (badness 10000) in paragraph at lines 280--281

 []

[5 <./memdiskstructure.png>]
Underfull \hbox (badness 10000) in paragraph at lines 282--283

 []

[6 <./xosstructure.png>]
Chapter 3.

Underfull \hbox (badness 10000) in paragraph at lines 295--296

 []


Underfull \hbox (badness 10000) in paragraph at lines 299--300

 []


Underfull \hbox (badness 10000) in paragraph at lines 303--304

 []


Underfull \hbox (badness 10000) in paragraph at lines 307--308

 []

[7

] [8]
Chapter 4.

Underfull \hbox (badness 10000) in paragraph at lines 311--312

 []

[9

]
Chapter 5.
(./report.bbl [10

]) [11

]
Appendix A.
[12

] <../xos/os.pdf, id=220, page=2, 614.295pt x 794.97pt>
File: ../xos/os.pdf Graphic file (type pdf)

<use ../xos/os.pdf, page 2>
File: ../xos/os.pdf Graphic file (type pdf)
 <use ../xos/os.pdf, page 2>
File: ../xos/os.pdf Graphic file (type pdf)

<use ../xos/os.pdf, page 2>
File: ../xos/os.pdf Graphic file (type pdf)
 <use ../xos/os.pdf, page 2>
File: ../xos/os.pdf Graphic file (type pdf)

<use ../xos/os.pdf, page 2> [13 <../xos/os.pdf>]
<../xos/os.pdf, id=241, page=3, 614.295pt x 794.97pt>
File: ../xos/os.pdf Graphic file (type pdf)

<use ../xos/os.pdf, page 3>
File: ../xos/os.pdf Graphic file (type pdf)
 <use ../xos/os.pdf, page 3>
File: ../xos/os.pdf Graphic file (type pdf)

<use ../xos/os.pdf, page 3> [14 <../xos/os.pdf>]
<../xos/os.pdf, id=246, page=4, 614.295pt x 794.97pt>
File: ../xos/os.pdf Graphic file (type pdf)

<use ../xos/os.pdf, page 4>
File: ../xos/os.pdf Graphic file (type pdf)
 <use ../xos/os.pdf, page 4>
File: ../xos/os.pdf Graphic file (type pdf)

<use ../xos/os.pdf, page 4> [15 <../xos/os.pdf>]
<../xos/os.pdf, id=262, page=5, 614.295pt x 794.97pt>
File: ../xos/os.pdf Graphic file (type pdf)

<use ../xos/os.pdf, page 5>
File: ../xos/os.pdf Graphic file (type pdf)
 <use ../xos/os.pdf, page 5>
File: ../xos/os.pdf Graphic file (type pdf)

<use ../xos/os.pdf, page 5> [16 <../xos/os.pdf>]
<../xos/os.pdf, id=282, page=6, 614.295pt x 794.97pt>
File: ../xos/os.pdf Graphic file (type pdf)

<use ../xos/os.pdf, page 6>
File: ../xos/os.pdf Graphic file (type pdf)
 <use ../xos/os.pdf, page 6>
File: ../xos/os.pdf Graphic file (type pdf)

<use ../xos/os.pdf, page 6> [17 <../xos/os.pdf>]
<../xos/os.pdf, id=287, page=7, 614.295pt x 794.97pt>
File: ../xos/os.pdf Graphic file (type pdf)

<use ../xos/os.pdf, page 7>
File: ../xos/os.pdf Graphic file (type pdf)
 <use ../xos/os.pdf, page 7>
File: ../xos/os.pdf Graphic file (type pdf)

<use ../xos/os.pdf, page 7> [18 <../xos/os.pdf>]
<../xos/os.pdf, id=292, page=8, 614.295pt x 794.97pt>
File: ../xos/os.pdf Graphic file (type pdf)

<use ../xos/os.pdf, page 8>
File: ../xos/os.pdf Graphic file (type pdf)
 <use ../xos/os.pdf, page 8>
File: ../xos/os.pdf Graphic file (type pdf)

<use ../xos/os.pdf, page 8> [19 <../xos/os.pdf>]
<../xos/os.pdf, id=307, page=9, 614.295pt x 794.97pt>
File: ../xos/os.pdf Graphic file (type pdf)

<use ../xos/os.pdf, page 9>
File: ../xos/os.pdf Graphic file (type pdf)
 <use ../xos/os.pdf, page 9>
File: ../xos/os.pdf Graphic file (type pdf)

<use ../xos/os.pdf, page 9> [20 <../xos/os.pdf>]
<../xos/os.pdf, id=312, page=10, 614.295pt x 794.97pt>
File: ../xos/os.pdf Graphic file (type pdf)

<use ../xos/os.pdf, page 10>
File: ../xos/os.pdf Graphic file (type pdf)
 <use ../xos/os.pdf, page 10>
File: ../xos/os.pdf Graphic file (type pdf)

<use ../xos/os.pdf, page 10> [21 <../xos/os.pdf>]
<../xos/os.pdf, id=318, page=11, 614.295pt x 794.97pt>
File: ../xos/os.pdf Graphic file (type pdf)

<use ../xos/os.pdf, page 11>
File: ../xos/os.pdf Graphic file (type pdf)
 <use ../xos/os.pdf, page 11>
File: ../xos/os.pdf Graphic file (type pdf)

<use ../xos/os.pdf, page 11> [22 <../xos/os.pdf>]
<../xos/os.pdf, id=323, page=12, 614.295pt x 794.97pt>
File: ../xos/os.pdf Graphic file (type pdf)

<use ../xos/os.pdf, page 12>
File: ../xos/os.pdf Graphic file (type pdf)
 <use ../xos/os.pdf, page 12>
File: ../xos/os.pdf Graphic file (type pdf)

<use ../xos/os.pdf, page 12> [23 <../xos/os.pdf>]
<../xos/os.pdf, id=328, page=13, 614.295pt x 794.97pt>
File: ../xos/os.pdf Graphic file (type pdf)

<use ../xos/os.pdf, page 13>
File: ../xos/os.pdf Graphic file (type pdf)
 <use ../xos/os.pdf, page 13>
File: ../xos/os.pdf Graphic file (type pdf)

<use ../xos/os.pdf, page 13> [24 <../xos/os.pdf>]
<../xos/os.pdf, id=338, page=14, 614.295pt x 794.97pt>
File: ../xos/os.pdf Graphic file (type pdf)

<use ../xos/os.pdf, page 14>
File: ../xos/os.pdf Graphic file (type pdf)
 <use ../xos/os.pdf, page 14>
File: ../xos/os.pdf Graphic file (type pdf)

<use ../xos/os.pdf, page 14> [25 <../xos/os.pdf>]
<../xos/os.pdf, id=343, page=15, 614.295pt x 794.97pt>
File: ../xos/os.pdf Graphic file (type pdf)

<use ../xos/os.pdf, page 15>
File: ../xos/os.pdf Graphic file (type pdf)
 <use ../xos/os.pdf, page 15>
File: ../xos/os.pdf Graphic file (type pdf)

<use ../xos/os.pdf, page 15> [26 <../xos/os.pdf>]
<../xos/os.pdf, id=348, page=16, 614.295pt x 794.97pt>
File: ../xos/os.pdf Graphic file (type pdf)

<use ../xos/os.pdf, page 16>
File: ../xos/os.pdf Graphic file (type pdf)
 <use ../xos/os.pdf, page 16>
File: ../xos/os.pdf Graphic file (type pdf)

<use ../xos/os.pdf, page 16> [27 <../xos/os.pdf>]
<../xos/os.pdf, id=354, page=17, 614.295pt x 794.97pt>
File: ../xos/os.pdf Graphic file (type pdf)

<use ../xos/os.pdf, page 17>
File: ../xos/os.pdf Graphic file (type pdf)
 <use ../xos/os.pdf, page 17>
File: ../xos/os.pdf Graphic file (type pdf)

<use ../xos/os.pdf, page 17> [28 <../xos/os.pdf>]
<../xos/os.pdf, id=359, page=18, 614.295pt x 794.97pt>
File: ../xos/os.pdf Graphic file (type pdf)

<use ../xos/os.pdf, page 18>
File: ../xos/os.pdf Graphic file (type pdf)
 <use ../xos/os.pdf, page 18>
File: ../xos/os.pdf Graphic file (type pdf)

<use ../xos/os.pdf, page 18> [29 <../xos/os.pdf>]
<../xos/os.pdf, id=364, page=19, 614.295pt x 794.97pt>
File: ../xos/os.pdf Graphic file (type pdf)

<use ../xos/os.pdf, page 19>
File: ../xos/os.pdf Graphic file (type pdf)
 <use ../xos/os.pdf, page 19>
File: ../xos/os.pdf Graphic file (type pdf)

<use ../xos/os.pdf, page 19> [30 <../xos/os.pdf>]
<../xos/os.pdf, id=369, page=20, 614.295pt x 794.97pt>
File: ../xos/os.pdf Graphic file (type pdf)

<use ../xos/os.pdf, page 20>
File: ../xos/os.pdf Graphic file (type pdf)
 <use ../xos/os.pdf, page 20>
File: ../xos/os.pdf Graphic file (type pdf)

<use ../xos/os.pdf, page 20> [31 <../xos/os.pdf>]
<../xos/os.pdf, id=374, page=21, 614.295pt x 794.97pt>
File: ../xos/os.pdf Graphic file (type pdf)

<use ../xos/os.pdf, page 21>
File: ../xos/os.pdf Graphic file (type pdf)
 <use ../xos/os.pdf, page 21>
File: ../xos/os.pdf Graphic file (type pdf)

<use ../xos/os.pdf, page 21> [32 <../xos/os.pdf>]
Appendix B.
[33

] <../xsm/xsm.pdf, id=386, page=2, 614.295pt x 794.97pt>
File: ../xsm/xsm.pdf Graphic file (type pdf)

<use ../xsm/xsm.pdf, page 2>
File: ../xsm/xsm.pdf Graphic file (type pdf)
 <use ../xsm/xsm.pdf, page 2>
File: ../xsm/xsm.pdf Graphic file (type pdf)

<use ../xsm/xsm.pdf, page 2>
File: ../xsm/xsm.pdf Graphic file (type pdf)
 <use ../xsm/xsm.pdf, page 2>
File: ../xsm/xsm.pdf Graphic file (type pdf)

<use ../xsm/xsm.pdf, page 2> [34 <../xsm/xsm.pdf>]
<../xsm/xsm.pdf, id=401, page=3, 614.295pt x 794.97pt>
File: ../xsm/xsm.pdf Graphic file (type pdf)

<use ../xsm/xsm.pdf, page 3>
File: ../xsm/xsm.pdf Graphic file (type pdf)
 <use ../xsm/xsm.pdf, page 3>
File: ../xsm/xsm.pdf Graphic file (type pdf)

<use ../xsm/xsm.pdf, page 3> [35 <../xsm/xsm.pdf>]
<../xsm/xsm.pdf, id=413, page=4, 614.295pt x 794.97pt>
File: ../xsm/xsm.pdf Graphic file (type pdf)

<use ../xsm/xsm.pdf, page 4>
File: ../xsm/xsm.pdf Graphic file (type pdf)
 <use ../xsm/xsm.pdf, page 4>
File: ../xsm/xsm.pdf Graphic file (type pdf)

<use ../xsm/xsm.pdf, page 4> [36 <../xsm/xsm.pdf>]
<../xsm/xsm.pdf, id=421, page=5, 614.295pt x 794.97pt>
File: ../xsm/xsm.pdf Graphic file (type pdf)

<use ../xsm/xsm.pdf, page 5>
File: ../xsm/xsm.pdf Graphic file (type pdf)
 <use ../xsm/xsm.pdf, page 5>
File: ../xsm/xsm.pdf Graphic file (type pdf)

<use ../xsm/xsm.pdf, page 5> [37 <../xsm/xsm.pdf>]
<../xsm/xsm.pdf, id=429, page=6, 614.295pt x 794.97pt>
File: ../xsm/xsm.pdf Graphic file (type pdf)

<use ../xsm/xsm.pdf, page 6>
File: ../xsm/xsm.pdf Graphic file (type pdf)
 <use ../xsm/xsm.pdf, page 6>
File: ../xsm/xsm.pdf Graphic file (type pdf)

<use ../xsm/xsm.pdf, page 6> [38 <../xsm/xsm.pdf>]
<../xsm/xsm.pdf, id=444, page=7, 614.295pt x 794.97pt>
File: ../xsm/xsm.pdf Graphic file (type pdf)

<use ../xsm/xsm.pdf, page 7>
File: ../xsm/xsm.pdf Graphic file (type pdf)
 <use ../xsm/xsm.pdf, page 7>
File: ../xsm/xsm.pdf Graphic file (type pdf)

<use ../xsm/xsm.pdf, page 7> [39 <../xsm/xsm.pdf>]
<../xsm/xsm.pdf, id=450, page=8, 614.295pt x 794.97pt>
File: ../xsm/xsm.pdf Graphic file (type pdf)

<use ../xsm/xsm.pdf, page 8>
File: ../xsm/xsm.pdf Graphic file (type pdf)
 <use ../xsm/xsm.pdf, page 8>
File: ../xsm/xsm.pdf Graphic file (type pdf)

<use ../xsm/xsm.pdf, page 8> [40 <../xsm/xsm.pdf>]
<../xsm/xsm.pdf, id=466, page=9, 614.295pt x 794.97pt>
File: ../xsm/xsm.pdf Graphic file (type pdf)

<use ../xsm/xsm.pdf, page 9>
File: ../xsm/xsm.pdf Graphic file (type pdf)
 <use ../xsm/xsm.pdf, page 9>
File: ../xsm/xsm.pdf Graphic file (type pdf)

<use ../xsm/xsm.pdf, page 9> [41 <../xsm/xsm.pdf>]
<../xsm/xsm.pdf, id=471, page=10, 614.295pt x 794.97pt>
File: ../xsm/xsm.pdf Graphic file (type pdf)

<use ../xsm/xsm.pdf, page 10>
File: ../xsm/xsm.pdf Graphic file (type pdf)
 <use ../xsm/xsm.pdf, page 10>
File: ../xsm/xsm.pdf Graphic file (type pdf)

<use ../xsm/xsm.pdf, page 10> [42 <../xsm/xsm.pdf>]
<../xsm/xsm.pdf, id=476, page=11, 614.295pt x 794.97pt>
File: ../xsm/xsm.pdf Graphic file (type pdf)

<use ../xsm/xsm.pdf, page 11>
File: ../xsm/xsm.pdf Graphic file (type pdf)
 <use ../xsm/xsm.pdf, page 11>
File: ../xsm/xsm.pdf Graphic file (type pdf)

<use ../xsm/xsm.pdf, page 11> [43 <../xsm/xsm.pdf>]
<../xsm/xsm.pdf, id=481, page=12, 614.295pt x 794.97pt>
File: ../xsm/xsm.pdf Graphic file (type pdf)

<use ../xsm/xsm.pdf, page 12>
File: ../xsm/xsm.pdf Graphic file (type pdf)
 <use ../xsm/xsm.pdf, page 12>
File: ../xsm/xsm.pdf Graphic file (type pdf)

<use ../xsm/xsm.pdf, page 12> [44 <../xsm/xsm.pdf>]
<../xsm/xsm.pdf, id=486, page=13, 614.295pt x 794.97pt>
File: ../xsm/xsm.pdf Graphic file (type pdf)

<use ../xsm/xsm.pdf, page 13>
File: ../xsm/xsm.pdf Graphic file (type pdf)
 <use ../xsm/xsm.pdf, page 13>
File: ../xsm/xsm.pdf Graphic file (type pdf)

<use ../xsm/xsm.pdf, page 13> [45 <../xsm/xsm.pdf>]
<../xsm/xsm.pdf, id=492, page=14, 614.295pt x 794.97pt>
File: ../xsm/xsm.pdf Graphic file (type pdf)

<use ../xsm/xsm.pdf, page 14>
File: ../xsm/xsm.pdf Graphic file (type pdf)
 <use ../xsm/xsm.pdf, page 14>
File: ../xsm/xsm.pdf Graphic file (type pdf)

<use ../xsm/xsm.pdf, page 14> [46 <../xsm/xsm.pdf>]
<../xsm/xsm.pdf, id=502, page=15, 614.295pt x 794.97pt>
File: ../xsm/xsm.pdf Graphic file (type pdf)

<use ../xsm/xsm.pdf, page 15>
File: ../xsm/xsm.pdf Graphic file (type pdf)
 <use ../xsm/xsm.pdf, page 15>
File: ../xsm/xsm.pdf Graphic file (type pdf)

<use ../xsm/xsm.pdf, page 15> [47 <../xsm/xsm.pdf>]
<../xsm/xsm.pdf, id=507, page=16, 614.295pt x 794.97pt>
File: ../xsm/xsm.pdf Graphic file (type pdf)

<use ../xsm/xsm.pdf, page 16>
File: ../xsm/xsm.pdf Graphic file (type pdf)
 <use ../xsm/xsm.pdf, page 16>
File: ../xsm/xsm.pdf Graphic file (type pdf)

<use ../xsm/xsm.pdf, page 16> [48 <../xsm/xsm.pdf>]
<../xsm/xsm.pdf, id=512, page=17, 614.295pt x 794.97pt>
File: ../xsm/xsm.pdf Graphic file (type pdf)

<use ../xsm/xsm.pdf, page 17>
File: ../xsm/xsm.pdf Graphic file (type pdf)
 <use ../xsm/xsm.pdf, page 17>
File: ../xsm/xsm.pdf Graphic file (type pdf)

<use ../xsm/xsm.pdf, page 17> [49 <../xsm/xsm.pdf>]
<../xsm/xsm.pdf, id=517, page=18, 614.295pt x 794.97pt>
File: ../xsm/xsm.pdf Graphic file (type pdf)

<use ../xsm/xsm.pdf, page 18>
File: ../xsm/xsm.pdf Graphic file (type pdf)
 <use ../xsm/xsm.pdf, page 18>
File: ../xsm/xsm.pdf Graphic file (type pdf)

<use ../xsm/xsm.pdf, page 18> [50 <../xsm/xsm.pdf>]
<../xsm/xsm.pdf, id=522, page=19, 614.295pt x 794.97pt>
File: ../xsm/xsm.pdf Graphic file (type pdf)

<use ../xsm/xsm.pdf, page 19>
File: ../xsm/xsm.pdf Graphic file (type pdf)
 <use ../xsm/xsm.pdf, page 19>
File: ../xsm/xsm.pdf Graphic file (type pdf)

<use ../xsm/xsm.pdf, page 19> [51 <../xsm/xsm.pdf>]
Appendix C.
[52

] <../xfs/xfs.pdf, id=534, page=2, 614.295pt x 794.97pt>
File: ../xfs/xfs.pdf Graphic file (type pdf)

<use ../xfs/xfs.pdf, page 2>
File: ../xfs/xfs.pdf Graphic file (type pdf)
 <use ../xfs/xfs.pdf, page 2>
File: ../xfs/xfs.pdf Graphic file (type pdf)

<use ../xfs/xfs.pdf, page 2>
File: ../xfs/xfs.pdf Graphic file (type pdf)
 <use ../xfs/xfs.pdf, page 2>
File: ../xfs/xfs.pdf Graphic file (type pdf)

<use ../xfs/xfs.pdf, page 2> [53 <../xfs/xfs.pdf>]
<../xfs/xfs.pdf, id=549, page=3, 614.295pt x 794.97pt>
File: ../xfs/xfs.pdf Graphic file (type pdf)

<use ../xfs/xfs.pdf, page 3>
File: ../xfs/xfs.pdf Graphic file (type pdf)
 <use ../xfs/xfs.pdf, page 3>
File: ../xfs/xfs.pdf Graphic file (type pdf)

<use ../xfs/xfs.pdf, page 3> [54 <../xfs/xfs.pdf>]
<../xfs/xfs.pdf, id=563, page=4, 614.295pt x 794.97pt>
File: ../xfs/xfs.pdf Graphic file (type pdf)

<use ../xfs/xfs.pdf, page 4>
File: ../xfs/xfs.pdf Graphic file (type pdf)
 <use ../xfs/xfs.pdf, page 4>
File: ../xfs/xfs.pdf Graphic file (type pdf)

<use ../xfs/xfs.pdf, page 4> [55 <../xfs/xfs.pdf>]
<../xfs/xfs.pdf, id=568, page=5, 614.295pt x 794.97pt>
File: ../xfs/xfs.pdf Graphic file (type pdf)

<use ../xfs/xfs.pdf, page 5>
File: ../xfs/xfs.pdf Graphic file (type pdf)
 <use ../xfs/xfs.pdf, page 5>
File: ../xfs/xfs.pdf Graphic file (type pdf)

<use ../xfs/xfs.pdf, page 5> [56 <../xfs/xfs.pdf>]
<../xfs/xfs.pdf, id=576, page=6, 614.295pt x 794.97pt>
File: ../xfs/xfs.pdf Graphic file (type pdf)

<use ../xfs/xfs.pdf, page 6>
File: ../xfs/xfs.pdf Graphic file (type pdf)
 <use ../xfs/xfs.pdf, page 6>
File: ../xfs/xfs.pdf Graphic file (type pdf)

<use ../xfs/xfs.pdf, page 6> [57 <../xfs/xfs.pdf>]
<../xfs/xfs.pdf, id=585, page=7, 614.295pt x 794.97pt>
File: ../xfs/xfs.pdf Graphic file (type pdf)

<use ../xfs/xfs.pdf, page 7>
File: ../xfs/xfs.pdf Graphic file (type pdf)
 <use ../xfs/xfs.pdf, page 7>
File: ../xfs/xfs.pdf Graphic file (type pdf)

<use ../xfs/xfs.pdf, page 7> [58 <../xfs/xfs.pdf>]
Appendix D.
[59

] <../apl/apl.pdf, id=596, page=2, 614.295pt x 794.97pt>
File: ../apl/apl.pdf Graphic file (type pdf)

<use ../apl/apl.pdf, page 2>
File: ../apl/apl.pdf Graphic file (type pdf)
 <use ../apl/apl.pdf, page 2>
File: ../apl/apl.pdf Graphic file (type pdf)

<use ../apl/apl.pdf, page 2>
File: ../apl/apl.pdf Graphic file (type pdf)
 <use ../apl/apl.pdf, page 2>
File: ../apl/apl.pdf Graphic file (type pdf)

<use ../apl/apl.pdf, page 2> [60 <../apl/apl.pdf>]
<../apl/apl.pdf, id=612, page=3, 614.295pt x 794.97pt>
File: ../apl/apl.pdf Graphic file (type pdf)

<use ../apl/apl.pdf, page 3>
File: ../apl/apl.pdf Graphic file (type pdf)
 <use ../apl/apl.pdf, page 3>
File: ../apl/apl.pdf Graphic file (type pdf)

<use ../apl/apl.pdf, page 3> [61 <../apl/apl.pdf>]
<../apl/apl.pdf, id=617, page=4, 614.295pt x 794.97pt>
File: ../apl/apl.pdf Graphic file (type pdf)

<use ../apl/apl.pdf, page 4>
File: ../apl/apl.pdf Graphic file (type pdf)
 <use ../apl/apl.pdf, page 4>
File: ../apl/apl.pdf Graphic file (type pdf)

<use ../apl/apl.pdf, page 4> [62 <../apl/apl.pdf>]
<../apl/apl.pdf, id=638, page=5, 614.295pt x 794.97pt>
File: ../apl/apl.pdf Graphic file (type pdf)

<use ../apl/apl.pdf, page 5>
File: ../apl/apl.pdf Graphic file (type pdf)
 <use ../apl/apl.pdf, page 5>
File: ../apl/apl.pdf Graphic file (type pdf)

<use ../apl/apl.pdf, page 5> [63 <../apl/apl.pdf>]
<../apl/apl.pdf, id=644, page=6, 614.295pt x 794.97pt>
File: ../apl/apl.pdf Graphic file (type pdf)

<use ../apl/apl.pdf, page 6>
File: ../apl/apl.pdf Graphic file (type pdf)
 <use ../apl/apl.pdf, page 6>
File: ../apl/apl.pdf Graphic file (type pdf)

<use ../apl/apl.pdf, page 6> [64 <../apl/apl.pdf>]
<../apl/apl.pdf, id=649, page=7, 614.295pt x 794.97pt>
File: ../apl/apl.pdf Graphic file (type pdf)

<use ../apl/apl.pdf, page 7>
File: ../apl/apl.pdf Graphic file (type pdf)
 <use ../apl/apl.pdf, page 7>
File: ../apl/apl.pdf Graphic file (type pdf)

<use ../apl/apl.pdf, page 7> [65 <../apl/apl.pdf>]
<../apl/apl.pdf, id=654, page=8, 614.295pt x 794.97pt>
File: ../apl/apl.pdf Graphic file (type pdf)

<use ../apl/apl.pdf, page 8>
File: ../apl/apl.pdf Graphic file (type pdf)
 <use ../apl/apl.pdf, page 8>
File: ../apl/apl.pdf Graphic file (type pdf)

<use ../apl/apl.pdf, page 8> [66 <../apl/apl.pdf>]
<../apl/apl.pdf, id=664, page=9, 614.295pt x 794.97pt>
File: ../apl/apl.pdf Graphic file (type pdf)

<use ../apl/apl.pdf, page 9>
File: ../apl/apl.pdf Graphic file (type pdf)
 <use ../apl/apl.pdf, page 9>
File: ../apl/apl.pdf Graphic file (type pdf)

<use ../apl/apl.pdf, page 9> [67 <../apl/apl.pdf>]
<../apl/apl.pdf, id=669, page=10, 614.295pt x 794.97pt>
File: ../apl/apl.pdf Graphic file (type pdf)

<use ../apl/apl.pdf, page 10>
File: ../apl/apl.pdf Graphic file (type pdf)
 <use ../apl/apl.pdf, page 10>
File: ../apl/apl.pdf Graphic file (type pdf)

<use ../apl/apl.pdf, page 10> [68 <../apl/apl.pdf>]
<../apl/apl.pdf, id=674, page=11, 614.295pt x 794.97pt>
File: ../apl/apl.pdf Graphic file (type pdf)

<use ../apl/apl.pdf, page 11>
File: ../apl/apl.pdf Graphic file (type pdf)
 <use ../apl/apl.pdf, page 11>
File: ../apl/apl.pdf Graphic file (type pdf)

<use ../apl/apl.pdf, page 11> [69 <../apl/apl.pdf>]
<../apl/apl.pdf, id=680, page=12, 614.295pt x 794.97pt>
File: ../apl/apl.pdf Graphic file (type pdf)

<use ../apl/apl.pdf, page 12>
File: ../apl/apl.pdf Graphic file (type pdf)
 <use ../apl/apl.pdf, page 12>
File: ../apl/apl.pdf Graphic file (type pdf)

<use ../apl/apl.pdf, page 12> [70 <../apl/apl.pdf>]
Appendix E.
[71

] <../spl/spl.pdf, id=691, page=2, 614.295pt x 794.97pt>
File: ../spl/spl.pdf Graphic file (type pdf)

<use ../spl/spl.pdf, page 2>
File: ../spl/spl.pdf Graphic file (type pdf)
 <use ../spl/spl.pdf, page 2>
File: ../spl/spl.pdf Graphic file (type pdf)

<use ../spl/spl.pdf, page 2>
File: ../spl/spl.pdf Graphic file (type pdf)
 <use ../spl/spl.pdf, page 2>
File: ../spl/spl.pdf Graphic file (type pdf)

<use ../spl/spl.pdf, page 2> [72 <../spl/spl.pdf>]
<../spl/spl.pdf, id=706, page=3, 614.295pt x 794.97pt>
File: ../spl/spl.pdf Graphic file (type pdf)

<use ../spl/spl.pdf, page 3>
File: ../spl/spl.pdf Graphic file (type pdf)
 <use ../spl/spl.pdf, page 3>
File: ../spl/spl.pdf Graphic file (type pdf)

<use ../spl/spl.pdf, page 3> [73 <../spl/spl.pdf>]
<../spl/spl.pdf, id=723, page=4, 614.295pt x 794.97pt>
File: ../spl/spl.pdf Graphic file (type pdf)

<use ../spl/spl.pdf, page 4>
File: ../spl/spl.pdf Graphic file (type pdf)
 <use ../spl/spl.pdf, page 4>
File: ../spl/spl.pdf Graphic file (type pdf)

<use ../spl/spl.pdf, page 4> [74 <../spl/spl.pdf>]
<../spl/spl.pdf, id=728, page=5, 614.295pt x 794.97pt>
File: ../spl/spl.pdf Graphic file (type pdf)

<use ../spl/spl.pdf, page 5>
File: ../spl/spl.pdf Graphic file (type pdf)
 <use ../spl/spl.pdf, page 5>
File: ../spl/spl.pdf Graphic file (type pdf)

<use ../spl/spl.pdf, page 5> [75 <../spl/spl.pdf>]
<../spl/spl.pdf, id=734, page=6, 614.295pt x 794.97pt>
File: ../spl/spl.pdf Graphic file (type pdf)

<use ../spl/spl.pdf, page 6>
File: ../spl/spl.pdf Graphic file (type pdf)
 <use ../spl/spl.pdf, page 6>
File: ../spl/spl.pdf Graphic file (type pdf)

<use ../spl/spl.pdf, page 6> [76 <../spl/spl.pdf>]
<../spl/spl.pdf, id=739, page=7, 614.295pt x 794.97pt>
File: ../spl/spl.pdf Graphic file (type pdf)

<use ../spl/spl.pdf, page 7>
File: ../spl/spl.pdf Graphic file (type pdf)
 <use ../spl/spl.pdf, page 7>
File: ../spl/spl.pdf Graphic file (type pdf)

<use ../spl/spl.pdf, page 7> [77 <../spl/spl.pdf>]
<../spl/spl.pdf, id=747, page=8, 614.295pt x 794.97pt>
File: ../spl/spl.pdf Graphic file (type pdf)

<use ../spl/spl.pdf, page 8>
File: ../spl/spl.pdf Graphic file (type pdf)
 <use ../spl/spl.pdf, page 8>
File: ../spl/spl.pdf Graphic file (type pdf)

<use ../spl/spl.pdf, page 8> [78 <../spl/spl.pdf>]
<../spl/spl.pdf, id=752, page=9, 614.295pt x 794.97pt>
File: ../spl/spl.pdf Graphic file (type pdf)

<use ../spl/spl.pdf, page 9>
File: ../spl/spl.pdf Graphic file (type pdf)
 <use ../spl/spl.pdf, page 9>
File: ../spl/spl.pdf Graphic file (type pdf)

<use ../spl/spl.pdf, page 9> [79 <../spl/spl.pdf>]
<../spl/spl.pdf, id=757, page=10, 614.295pt x 794.97pt>
File: ../spl/spl.pdf Graphic file (type pdf)

<use ../spl/spl.pdf, page 10>
File: ../spl/spl.pdf Graphic file (type pdf)
 <use ../spl/spl.pdf, page 10>
File: ../spl/spl.pdf Graphic file (type pdf)

<use ../spl/spl.pdf, page 10> [80 <../spl/spl.pdf>] (./report.aux) ) 
Here is how much of TeX's memory you used:
 5678 strings out of 493848
 84039 string characters out of 1152824
 159966 words of memory out of 3000000
 8754 multiletter control sequences out of 15000+50000
 8178 words of font info for 29 fonts, out of 3000000 for 9000
 714 hyphenation exceptions out of 8191
 38i,16n,37p,1395b,468s stack positions out of 5000i,500n,10000p,200000b,50000s
</usr/share
/texmf-texlive/fonts/type1/public/amsfonts/cm/cmbx10.pfb></usr/share/texmf-texl
ive/fonts/type1/public/amsfonts/cm/cmbx12.pfb></usr/share/texmf-texlive/fonts/t
ype1/public/amsfonts/cm/cmbx9.pfb></usr/share/texmf-texlive/fonts/type1/public/
amsfonts/cm/cmbxti10.pfb></usr/share/texmf-texlive/fonts/type1/public/amsfonts/
cm/cmcsc10.pfb></usr/share/texmf-texlive/fonts/type1/public/amsfonts/cm/cmex10.
pfb></usr/share/texmf-texlive/fonts/type1/public/amsfonts/cm/cmitt10.pfb></usr/
share/texmf-texlive/fonts/type1/public/amsfonts/cm/cmmi10.pfb></usr/share/texmf
-texlive/fonts/type1/public/amsfonts/cm/cmmi7.pfb></usr/share/texmf-texlive/fon
ts/type1/public/amsfonts/cm/cmmi8.pfb></usr/share/texmf-texlive/fonts/type1/pub
lic/amsfonts/cm/cmr10.pfb></usr/share/texmf-texlive/fonts/type1/public/amsfonts
/cm/cmr12.pfb></usr/share/texmf-texlive/fonts/type1/public/amsfonts/cm/cmr17.pf
b></usr/share/texmf-texlive/fonts/type1/public/amsfonts/cm/cmr8.pfb></usr/share
/texmf-texlive/fonts/type1/public/amsfonts/cm/cmr9.pfb></usr/share/texmf-texliv
e/fonts/type1/public/amsfonts/cm/cmsy10.pfb></usr/share/texmf-texlive/fonts/typ
e1/public/amsfonts/cm/cmsy9.pfb></usr/share/texmf-texlive/fonts/type1/public/am
sfonts/cm/cmti10.pfb></usr/share/texmf-texlive/fonts/type1/public/amsfonts/cm/c
mti12.pfb></usr/share/texmf-texlive/fonts/type1/public/amsfonts/cm/cmtt10.pfb><
/usr/share/texmf-texlive/fonts/type1/urw/courier/ucrr8a.pfb></usr/share/texmf-t
exlive/fonts/type1/urw/palatino/uplb8a.pfb></usr/share/texmf-texlive/fonts/type
1/urw/palatino/uplbi8a.pfb></usr/share/texmf-texlive/fonts/type1/urw/palatino/u
plr8a.pfb></usr/share/texmf-texlive/fonts/type1/urw/palatino/uplri8a.pfb>
Output written on report.pdf (84 pages, 811383 bytes).
PDF statistics:
 831 PDF objects out of 1000 (max. 8388607)
 114 named destinations out of 1000 (max. 500000)
 551 words of extra memory for PDF output out of 10000 (max. 10000000)

