\BOOKMARK [0][-]{chapter.1}{Introduction}{}
\BOOKMARK [0][-]{chapter.2}{Components}{}
\BOOKMARK [1][-]{section.2.1}{Introduction}{chapter.2}
\BOOKMARK [1][-]{section.2.2}{Experimental File System }{chapter.2}
\BOOKMARK [1][-]{section.2.3}{Experimental String Machine }{chapter.2}
\BOOKMARK [1][-]{section.2.4}{Experimental Operating System }{chapter.2}
\BOOKMARK [0][-]{chapter.3}{Development Tools}{}
\BOOKMARK [1][-]{section.3.1}{Application Programmer's Language}{chapter.3}
\BOOKMARK [1][-]{section.3.2}{System Programmer's Language}{chapter.3}
\BOOKMARK [1][-]{section.3.3}{Debugger}{chapter.3}
\BOOKMARK [1][-]{section.3.4}{XFS Interface}{chapter.3}
\BOOKMARK [0][-]{chapter.4}{Roadmap}{}
\BOOKMARK [0][-]{chapter.5}{Conclusions}{}
\BOOKMARK [1][-]{section.5.1}{Acknowledgments}{chapter.5}
\BOOKMARK [1][-]{section.5.2}{Availability}{chapter.5}
\BOOKMARK [0][-]{Appendix.1.A}{Operating System \(XOS\) Specification }{}
\BOOKMARK [0][-]{Appendix.1.B}{Machine \(XSM\) Specification }{}
\BOOKMARK [0][-]{Appendix.1.C}{Filesystem \(XFS\) Specification }{}
\BOOKMARK [0][-]{Appendix.1.D}{Application Programmer's Language \(APL\) Specification}{}
\BOOKMARK [0][-]{Appendix.1.E}{System Programmer's Language \(SPL\) Specification}{}
