This is pdfTeX, Version 3.1415926-1.40.10 (TeX Live 2009/Debian) (format=pdflatex 2013.4.8)  15 APR 2013 23:11
entering extended mode
 %&-line parsing enabled.
**xos.tex
(./xos.tex
LaTeX2e <2009/09/24>
Babel <v3.8l> and hyphenation patterns for english, usenglishmax, dumylang, noh
yphenation, farsi, arabic, croatian, bulgarian, ukrainian, russian, czech, slov
ak, danish, dutch, finnish, french, basque, ngerman, german, german-x-2009-06-1
9, ngerman-x-2009-06-19, ibycus, monogreek, greek, ancientgreek, hungarian, san
skrit, italian, latin, latvian, lithuanian, mongolian2a, mongolian, bokmal, nyn
orsk, romanian, irish, coptic, serbian, turkish, welsh, esperanto, uppersorbian
, estonian, indonesian, interlingua, icelandic, kurmanji, slovenian, polish, po
rtuguese, spanish, galician, catalan, swedish, ukenglish, pinyin, loaded.
(/usr/share/texmf-texlive/tex/latex/base/report.cls
Document Class: report 2007/10/19 v1.4h Standard LaTeX document class
(/usr/share/texmf-texlive/tex/latex/base/size10.clo
File: size10.clo 2007/10/19 v1.4h Standard LaTeX file (size option)
)
\c@part=\count79
\c@chapter=\count80
\c@section=\count81
\c@subsection=\count82
\c@subsubsection=\count83
\c@paragraph=\count84
\c@subparagraph=\count85
\c@figure=\count86
\c@table=\count87
\abovecaptionskip=\skip41
\belowcaptionskip=\skip42
\bibindent=\dimen102
)
(/usr/share/texmf-texlive/tex/latex/hyperref/hyperref.sty
Package: hyperref 2009/10/09 v6.79a Hypertext links for LaTeX

(/usr/share/texmf-texlive/tex/latex/graphics/keyval.sty
Package: keyval 1999/03/16 v1.13 key=value parser (DPC)
\KV@toks@=\toks14
)
(/usr/share/texmf-texlive/tex/generic/oberdiek/ifpdf.sty
Package: ifpdf 2009/04/10 v2.0 Provides the ifpdf switch (HO)
Package ifpdf Info: pdfTeX in pdf mode detected.
)
(/usr/share/texmf-texlive/tex/generic/oberdiek/ifvtex.sty
Package: ifvtex 2008/11/04 v1.4 Switches for detecting VTeX and its modes (HO)
Package ifvtex Info: VTeX not detected.
)
(/usr/share/texmf-texlive/tex/generic/ifxetex/ifxetex.sty
Package: ifxetex 2009/01/23 v0.5 Provides ifxetex conditional
)
(/usr/share/texmf-texlive/tex/latex/oberdiek/hycolor.sty
Package: hycolor 2009/10/02 v1.5 Code for color options of hyperref/bookmark (H
O)

(/usr/share/texmf-texlive/tex/latex/oberdiek/xcolor-patch.sty
Package: xcolor-patch 2009/10/02 xcolor patch
))
\@linkdim=\dimen103
\Hy@linkcounter=\count88
\Hy@pagecounter=\count89

(/usr/share/texmf-texlive/tex/latex/hyperref/pd1enc.def
File: pd1enc.def 2009/10/09 v6.79a Hyperref: PDFDocEncoding definition (HO)
)
(/usr/share/texmf-texlive/tex/generic/oberdiek/etexcmds.sty
Package: etexcmds 2007/12/12 v1.2 Prefix for e-TeX command names (HO)

(/usr/share/texmf-texlive/tex/generic/oberdiek/infwarerr.sty
Package: infwarerr 2007/09/09 v1.2 Providing info/warning/message (HO)
)
Package etexcmds Info: Could not find \expanded.
(etexcmds)             That can mean that you are not using pdfTeX 1.50 or
(etexcmds)             that some package has redefined \expanded.
(etexcmds)             In the latter case, load this package earlier.
)
(/usr/share/texmf-texlive/tex/latex/latexconfig/hyperref.cfg
File: hyperref.cfg 2002/06/06 v1.2 hyperref configuration of TeXLive
)
(/usr/share/texmf-texlive/tex/latex/oberdiek/kvoptions.sty
Package: kvoptions 2009/08/13 v3.4 Keyval support for LaTeX options (HO)

(/usr/share/texmf-texlive/tex/generic/oberdiek/kvsetkeys.sty
Package: kvsetkeys 2009/07/30 v1.5 Key value parser with default handler suppor
t (HO)
))
Package hyperref Info: Hyper figures OFF on input line 2975.
Package hyperref Info: Link nesting OFF on input line 2980.
Package hyperref Info: Hyper index ON on input line 2983.
Package hyperref Info: Plain pages OFF on input line 2990.
Package hyperref Info: Backreferencing OFF on input line 2995.

Implicit mode ON; LaTeX internals redefined
Package hyperref Info: Bookmarks ON on input line 3191.
(/usr/share/texmf-texlive/tex/latex/ltxmisc/url.sty
\Urlmuskip=\muskip10
Package: url 2006/04/12  ver 3.3  Verb mode for urls, etc.
)
LaTeX Info: Redefining \url on input line 3428.

(/usr/share/texmf-texlive/tex/generic/oberdiek/bitset.sty
Package: bitset 2007/09/28 v1.0 Data type bit set (HO)

(/usr/share/texmf-texlive/tex/generic/oberdiek/intcalc.sty
Package: intcalc 2007/09/27 v1.1 Expandable integer calculations (HO)
)
(/usr/share/texmf-texlive/tex/generic/oberdiek/bigintcalc.sty
Package: bigintcalc 2007/11/11 v1.1 Expandable big integer calculations (HO)

(/usr/share/texmf-texlive/tex/generic/oberdiek/pdftexcmds.sty
Package: pdftexcmds 2009/09/23 v0.6 LuaTeX support for pdfTeX utility functions
 (HO)

(/usr/share/texmf-texlive/tex/generic/oberdiek/ifluatex.sty
Package: ifluatex 2009/04/17 v1.2 Provides the ifluatex switch (HO)
Package ifluatex Info: LuaTeX not detected.
)
(/usr/share/texmf-texlive/tex/generic/oberdiek/ltxcmds.sty
Package: ltxcmds 2009/08/05 v1.0 Some LaTeX kernel commands for general use (HO
)
)
Package pdftexcmds Info: LuaTeX not detected.
Package pdftexcmds Info: \pdf@primitive is available.
Package pdftexcmds Info: \pdf@ifprimitive is available.
)))
\Fld@menulength=\count90
\Field@Width=\dimen104
\Fld@charsize=\dimen105
\Field@toks=\toks15
Package hyperref Info: Hyper figures OFF on input line 4377.
Package hyperref Info: Link nesting OFF on input line 4382.
Package hyperref Info: Hyper index ON on input line 4385.
Package hyperref Info: backreferencing OFF on input line 4392.
Package hyperref Info: Link coloring OFF on input line 4397.
Package hyperref Info: Link coloring with OCG OFF on input line 4402.
Package hyperref Info: PDF/A mode OFF on input line 4407.

(/usr/share/texmf-texlive/tex/generic/oberdiek/atbegshi.sty
Package: atbegshi 2008/07/31 v1.9 At begin shipout hook (HO)
)
\Hy@abspage=\count91
\c@Item=\count92
\c@Hfootnote=\count93
)
*hyperref using default driver hpdftex*
(/usr/share/texmf-texlive/tex/latex/hyperref/hpdftex.def
File: hpdftex.def 2009/10/09 v6.79a Hyperref driver for pdfTeX
\Fld@listcount=\count94
)
(/usr/share/texmf-texlive/tex/latex/graphics/graphicx.sty
Package: graphicx 1999/02/16 v1.0f Enhanced LaTeX Graphics (DPC,SPQR)

(/usr/share/texmf-texlive/tex/latex/graphics/graphics.sty
Package: graphics 2009/02/05 v1.0o Standard LaTeX Graphics (DPC,SPQR)

(/usr/share/texmf-texlive/tex/latex/graphics/trig.sty
Package: trig 1999/03/16 v1.09 sin cos tan (DPC)
)
(/etc/texmf/tex/latex/config/graphics.cfg
File: graphics.cfg 2009/08/28 v1.8 graphics configuration of TeX Live
)
Package graphics Info: Driver file: pdftex.def on input line 91.

(/usr/share/texmf-texlive/tex/latex/pdftex-def/pdftex.def
File: pdftex.def 2010/03/12 v0.04p Graphics/color for pdfTeX
\Gread@gobject=\count95
))
\Gin@req@height=\dimen106
\Gin@req@width=\dimen107
)
Package hyperref Info: Option `colorlinks' set `false' on input line 54.
 (./xos.aux)
\openout1 = `xos.aux'.

LaTeX Font Info:    Checking defaults for OML/cmm/m/it on input line 55.
LaTeX Font Info:    ... okay on input line 55.
LaTeX Font Info:    Checking defaults for T1/cmr/m/n on input line 55.
LaTeX Font Info:    ... okay on input line 55.
LaTeX Font Info:    Checking defaults for OT1/cmr/m/n on input line 55.
LaTeX Font Info:    ... okay on input line 55.
LaTeX Font Info:    Checking defaults for OMS/cmsy/m/n on input line 55.
LaTeX Font Info:    ... okay on input line 55.
LaTeX Font Info:    Checking defaults for OMX/cmex/m/n on input line 55.
LaTeX Font Info:    ... okay on input line 55.
LaTeX Font Info:    Checking defaults for U/cmr/m/n on input line 55.
LaTeX Font Info:    ... okay on input line 55.
LaTeX Font Info:    Checking defaults for PD1/pdf/m/n on input line 55.
LaTeX Font Info:    ... okay on input line 55.
Package hyperref Info: Link coloring OFF on input line 55.

(/usr/share/texmf-texlive/tex/latex/hyperref/nameref.sty
Package: nameref 2007/05/29 v2.31 Cross-referencing by name of section

(/usr/share/texmf-texlive/tex/latex/oberdiek/refcount.sty
Package: refcount 2008/08/11 v3.1 Data extraction from references (HO)
)
\c@section@level=\count96
)
LaTeX Info: Redefining \ref on input line 55.
LaTeX Info: Redefining \pageref on input line 55.
 (./xos.out)
(./xos.out)
\@outlinefile=\write3
\openout3 = `xos.out'.

\AtBeginShipoutBox=\box26
 (/usr/share/texmf-texlive/tex/context/base/supp-pdf.mkii
[Loading MPS to PDF converter (version 2006.09.02).]
\scratchcounter=\count97
\scratchdimen=\dimen108
\scratchbox=\box27
\nofMPsegments=\count98
\nofMParguments=\count99
\everyMPshowfont=\toks16
\MPscratchCnt=\count100
\MPscratchDim=\dimen109
\MPnumerator=\count101
\everyMPtoPDFconversion=\toks17
)
LaTeX Font Info:    External font `cmex10' loaded for size
(Font)              <12> on input line 102.
LaTeX Font Info:    External font `cmex10' loaded for size
(Font)              <8> on input line 102.
LaTeX Font Info:    External font `cmex10' loaded for size
(Font)              <6> on input line 102.


LaTeX Warning: No \author given.

[1

{/var/lib/texmf/fonts/map/pdftex/updmap/pdftex.map}]pdfTeX warning (ext4): dest
ination with the same identifier (name{page.1}) has been already used, duplicat
e ignored
<to be read again> 
                   \relax 
l.105 \end{abstract}
                     [1]

LaTeX Warning: Citation `nachos' on page 1 undefined on input line 113.


LaTeX Warning: Citation `os161' on page 1 undefined on input line 113.


LaTeX Warning: Citation `Pintos' on page 1 undefined on input line 113.


LaTeX Warning: Citation `survey' on page 1 undefined on input line 113.


LaTeX Warning: Citation `nachos' on page 1 undefined on input line 113.


LaTeX Warning: Citation `survey' on page 1 undefined on input line 113.


LaTeX Warning: Citation `nachos' on page 1 undefined on input line 113.


LaTeX Warning: Citation `os161' on page 1 undefined on input line 113.


Underfull \hbox (badness 10000) in paragraph at lines 113--114

 []


LaTeX Warning: Citation `survey' on page 1 undefined on input line 116.


Underfull \hbox (badness 10000) in paragraph at lines 116--117

 []


LaTeX Warning: Citation `survey' on page 1 undefined on input line 118.


Underfull \hbox (badness 10000) in paragraph at lines 118--119

 []


LaTeX Warning: Citation `silberschatz' on page 1 undefined on input line 120.


Underfull \hbox (badness 10000) in paragraph at lines 120--121

 []

pdfTeX warning (ext4): destination with the same identifier (name{page.1}) has 
been already used, duplicate ignored
<to be read again> 
                   \relax 
l.121 
       [1] <components.png, id=71, 597.73312pt x 590.95781pt>
File: components.png Graphic file (type png)

<use components.png> [2 <./components.png>]
Underfull \hbox (badness 10000) in paragraph at lines 133--134

 []


Underfull \hbox (badness 10000) in paragraph at lines 139--140

 []


Underfull \hbox (badness 10000) in paragraph at lines 141--142

 []


Underfull \hbox (badness 10000) in paragraph at lines 143--144

 []


Underfull \hbox (badness 10000) in paragraph at lines 145--146

 []

[3]

LaTeX Warning: Citation `mips' on page 4 undefined on input line 147.


Underfull \hbox (badness 10000) in paragraph at lines 147--148

 []


LaTeX Warning: Citation `nachos' on page 4 undefined on input line 154.


Underfull \hbox (badness 10000) in paragraph at lines 154--155

 []


Underfull \hbox (badness 10000) in paragraph at lines 156--157

 []

<memdiskstructure.png, id=83, 915.42pt x 771.88374pt>
File: memdiskstructure.png Graphic file (type png)

<use memdiskstructure.png> [4]

LaTeX Warning: Citation `silberschatz' on page 5 undefined on input line 164.


LaTeX Warning: Citation `silberschatz' on page 5 undefined on input line 164.


Underfull \hbox (badness 10000) in paragraph at lines 164--165

 []


Underfull \hbox (badness 10000) in paragraph at lines 166--167

 []

[5 <./memdiskstructure.png>]
Underfull \hbox (badness 10000) in paragraph at lines 178--179

 []


Underfull \hbox (badness 10000) in paragraph at lines 182--183

 []


LaTeX Warning: Citation `gdb' on page 6 undefined on input line 186.


Underfull \hbox (badness 10000) in paragraph at lines 186--187

 []


Underfull \hbox (badness 10000) in paragraph at lines 190--191

 []

[6]
Underfull \hbox (badness 10000) in paragraph at lines 193--194

 []

LaTeX Font Info:    External font `cmex10' loaded for size
(Font)              <7> on input line 206.
LaTeX Font Info:    External font `cmex10' loaded for size
(Font)              <5> on input line 206.
[7]
No file xos.bbl.
[8] (./xos.aux)

LaTeX Warning: There were undefined references.

 ) 
Here is how much of TeX's memory you used:
 4205 strings out of 493848
 61030 string characters out of 1152824
 132360 words of memory out of 3000000
 7424 multiletter control sequences out of 15000+50000
 8409 words of font info for 30 fonts, out of 3000000 for 9000
 714 hyphenation exceptions out of 8191
 38i,6n,36p,1260b,316s stack positions out of 5000i,500n,10000p,200000b,50000s
</usr/share/texmf-texlive/fonts/type1/public/amsfonts/cm/cmbx10.pfb></usr/sha
re/texmf-texlive/fonts/type1/public/amsfonts/cm/cmbx12.pfb></usr/share/texmf-te
xlive/fonts/type1/public/amsfonts/cm/cmr10.pfb></usr/share/texmf-texlive/fonts/
type1/public/amsfonts/cm/cmr12.pfb></usr/share/texmf-texlive/fonts/type1/public
/amsfonts/cm/cmr17.pfb></usr/share/texmf-texlive/fonts/type1/public/amsfonts/cm
/cmti10.pfb></usr/share/texmf-texlive/fonts/type1/public/amsfonts/cm/cmtt10.pfb
>
Output written on xos.pdf (10 pages, 216102 bytes).
PDF statistics:
 143 PDF objects out of 1000 (max. 8388607)
 24 named destinations out of 1000 (max. 500000)
 115 words of extra memory for PDF output out of 10000 (max. 10000000)

