\BOOKMARK [0][-]{chapter.1}{Introduction}{}
\BOOKMARK [1][-]{section.1.1}{Operating System Functionality}{chapter.1}
\BOOKMARK [2][-]{subsection.1.1.1}{Process Management}{section.1.1}
\BOOKMARK [2][-]{subsection.1.1.2}{Multiprogramming}{section.1.1}
\BOOKMARK [2][-]{subsection.1.1.3}{System Calls}{section.1.1}
\BOOKMARK [0][-]{chapter.2}{Memory}{}
\BOOKMARK [1][-]{section.2.1}{Introduction}{chapter.2}
\BOOKMARK [1][-]{section.2.2}{Page Table}{chapter.2}
\BOOKMARK [1][-]{section.2.3}{Address Translation}{chapter.2}
\BOOKMARK [1][-]{section.2.4}{Memory Free List}{chapter.2}
\BOOKMARK [0][-]{chapter.3}{Process}{}
\BOOKMARK [1][-]{section.3.1}{Introduction}{chapter.3}
\BOOKMARK [1][-]{section.3.2}{Process Structure}{chapter.3}
\BOOKMARK [1][-]{section.3.3}{Registers Associated with a Process}{chapter.3}
\BOOKMARK [1][-]{section.3.4}{Data Structures Associated with a Process}{chapter.3}
\BOOKMARK [2][-]{subsection.3.4.1}{Ready List}{section.3.4}
\BOOKMARK [2][-]{subsection.3.4.2}{Process Control Block \(PCB\)}{section.3.4}
\BOOKMARK [2][-]{subsection.3.4.3}{The Page Table}{section.3.4}
\BOOKMARK [1][-]{section.3.5}{Storage Details of the Data Structures}{chapter.3}
\BOOKMARK [2][-]{subsection.3.5.1}{Ready List}{section.3.5}
\BOOKMARK [2][-]{subsection.3.5.2}{Page Tables}{section.3.5}
\BOOKMARK [2][-]{subsection.3.5.3}{Process Table}{section.3.5}
\BOOKMARK [0][-]{chapter.4}{OS Startup}{}
\BOOKMARK [1][-]{section.4.1}{ROM Code}{chapter.4}
\BOOKMARK [1][-]{section.4.2}{OS Startup Code Specification}{chapter.4}
\BOOKMARK [1][-]{section.4.3}{INIT Process}{chapter.4}
\BOOKMARK [0][-]{chapter.5}{Halt System Call}{}
\BOOKMARK [1][-]{section.5.1}{System Calls}{chapter.5}
\BOOKMARK [1][-]{section.5.2}{Halt System Call}{chapter.5}
\BOOKMARK [0][-]{chapter.6}{File System Calls}{}
\BOOKMARK [1][-]{section.6.1}{Scratchpad}{chapter.6}
\BOOKMARK [1][-]{section.6.2}{Global File Table and Local File Table}{chapter.6}
\BOOKMARK [1][-]{section.6.3}{Modifications in the OS Startup Code}{chapter.6}
\BOOKMARK [1][-]{section.6.4}{File System Calls}{chapter.6}
\BOOKMARK [2][-]{subsection.6.4.1}{INT 1}{section.6.4}
\BOOKMARK [2][-]{subsection.6.4.2}{INT 2}{section.6.4}
\BOOKMARK [2][-]{subsection.6.4.3}{INT 3}{section.6.4}
\BOOKMARK [2][-]{subsection.6.4.4}{INT 4}{section.6.4}
\BOOKMARK [0][-]{chapter.7}{Multiprogramming}{}
\BOOKMARK [1][-]{section.7.1}{Scheduler}{chapter.7}
\BOOKMARK [0][-]{chapter.8}{Process System Calls}{}
\BOOKMARK [1][-]{section.8.1}{Process System Calls}{chapter.8}
\BOOKMARK [2][-]{subsection.8.1.1}{INT 5}{section.8.1}
\BOOKMARK [2][-]{subsection.8.1.2}{INT 6}{section.8.1}
\BOOKMARK [2][-]{subsection.8.1.3}{INT 7}{section.8.1}
\BOOKMARK [1][-]{section.8.2}{INIT Process}{chapter.8}
